déc. 08, 2024 7:56:44 PM org.logger.LoggerUtil log
INFO: Choisissez votre personnage :
déc. 08, 2024 7:56:44 PM org.logger.LoggerUtil log
INFO: 1 - Guerrier
déc. 08, 2024 7:56:44 PM org.logger.LoggerUtil log
INFO: 2 - Mage
déc. 08, 2024 7:56:44 PM org.logger.LoggerUtil log
INFO: 3 - Voleur
déc. 08, 2024 7:56:51 PM org.logger.LoggerUtil log
INFO: Choisissez votre carte :
déc. 08, 2024 7:56:51 PM org.logger.LoggerUtil log
INFO: 1 - Forêt
déc. 08, 2024 7:56:51 PM org.logger.LoggerUtil log
INFO: 2 - Montagne
déc. 08, 2024 7:56:51 PM org.logger.LoggerUtil log
INFO: 3 - Désert
déc. 08, 2024 7:56:52 PM org.logger.LoggerUtil log
INFO: 
Vous avez choisi Guerrier et la carte Forêt
déc. 08, 2024 7:56:52 PM org.logger.LoggerUtil log
INFO: Appuyez sur entrée pour commencer
déc. 08, 2024 7:56:53 PM org.logger.LoggerUtil log
INFO: Vous êtes dans la salle 1
déc. 08, 2024 7:56:53 PM org.logger.LoggerUtil log
INFO: Il y a 2 ennemis
déc. 08, 2024 7:56:53 PM org.logger.LoggerUtil log
INFO: 
Voulez-vous utiliser votre capacité spéciale ? oui/non
déc. 08, 2024 7:56:54 PM org.logger.LoggerUtil log
INFO: Appuyez sur entrée pour attaquer
déc. 08, 2024 7:56:55 PM org.logger.LoggerUtil log
INFO: Guerrier attaque Ennemi 1 et lui inflige 37 points de dégats.
déc. 08, 2024 7:56:55 PM org.logger.LoggerUtil log
INFO: Ennemi 1 est mort et ne peut plus attaquer.
déc. 08, 2024 7:56:55 PM org.logger.LoggerUtil log
INFO: 
L'ennemi Ennemi 1 est mort
déc. 08, 2024 7:56:55 PM org.logger.LoggerUtil log
INFO: 
Fin du tour
déc. 08, 2024 7:56:55 PM org.logger.LoggerUtil log
INFO: Vous êtes dans la salle 1
déc. 08, 2024 7:56:55 PM org.logger.LoggerUtil log
INFO: Il y a 1 ennemis
déc. 08, 2024 7:56:55 PM org.logger.LoggerUtil log
INFO: 
Voulez-vous utiliser votre capacité spéciale ? oui/non
déc. 08, 2024 7:56:55 PM org.logger.LoggerUtil log
INFO: Appuyez sur entrée pour attaquer
déc. 08, 2024 7:56:56 PM org.logger.LoggerUtil log
INFO: Guerrier attaque Ennemi 0 et lui inflige 26 points de dégats.
déc. 08, 2024 7:56:56 PM org.logger.LoggerUtil log
INFO: Ennemi 0 est mort et ne peut plus attaquer.
déc. 08, 2024 7:56:56 PM org.logger.LoggerUtil log
INFO: 
L'ennemi Ennemi 0 est mort
déc. 08, 2024 7:56:56 PM org.logger.LoggerUtil log
INFO: 
Vous avez vaincu tous les ennemis de la salle 1
déc. 08, 2024 7:56:56 PM org.logger.LoggerUtil log
INFO: Voulez-vous avancer ou reculer ? (a/r)
déc. 08, 2024 7:56:58 PM org.logger.LoggerUtil log
INFO: Vous entrez dans la salle 2

déc. 08, 2024 7:56:58 PM org.logger.LoggerUtil log
INFO: Il y a 2 ennemis dans la salle 2
déc. 08, 2024 7:56:58 PM org.logger.LoggerUtil log
INFO: 
Fin du tour
déc. 08, 2024 7:56:58 PM org.logger.LoggerUtil log
INFO: Vous êtes dans la salle 2
déc. 08, 2024 7:56:58 PM org.logger.LoggerUtil log
INFO: Il y a 2 ennemis
déc. 08, 2024 7:56:58 PM org.logger.LoggerUtil log
INFO: 
Voulez-vous utiliser votre capacité spéciale ? oui/non
déc. 08, 2024 7:56:59 PM org.logger.LoggerUtil log
INFO: Appuyez sur entrée pour attaquer
déc. 08, 2024 7:56:59 PM org.logger.LoggerUtil log
INFO: Ennemi 1 attaque Guerrier et lui inflige 5 points de dégats.
déc. 08, 2024 7:56:59 PM org.logger.LoggerUtil log
INFO: Guerrier attaque Ennemi 1 et lui inflige 31 points de dégats.
déc. 08, 2024 7:56:59 PM org.logger.LoggerUtil log
INFO: 
L'ennemi Ennemi 1 est mort
déc. 08, 2024 7:56:59 PM org.logger.LoggerUtil log
INFO: 
Fin du tour
déc. 08, 2024 7:56:59 PM org.logger.LoggerUtil log
INFO: Vous êtes dans la salle 2
déc. 08, 2024 7:56:59 PM org.logger.LoggerUtil log
INFO: Il y a 1 ennemis
déc. 08, 2024 7:56:59 PM org.logger.LoggerUtil log
INFO: 
Voulez-vous utiliser votre capacité spéciale ? oui/non
déc. 08, 2024 7:57:00 PM org.logger.LoggerUtil log
INFO: Appuyez sur entrée pour attaquer
déc. 08, 2024 7:57:00 PM org.logger.LoggerUtil log
INFO: Guerrier attaque Ennemi 0 et lui inflige 35 points de dégats.
déc. 08, 2024 7:57:00 PM org.logger.LoggerUtil log
INFO: Ennemi 0 attaque Guerrier et lui inflige 12 points de dégats.
déc. 08, 2024 7:57:00 PM org.logger.LoggerUtil log
INFO: 
Fin du tour
déc. 08, 2024 7:57:00 PM org.logger.LoggerUtil log
INFO: Vous êtes dans la salle 2
déc. 08, 2024 7:57:00 PM org.logger.LoggerUtil log
INFO: Il y a 1 ennemis
déc. 08, 2024 7:57:00 PM org.logger.LoggerUtil log
INFO: 
Voulez-vous utiliser votre capacité spéciale ? oui/non
déc. 08, 2024 7:57:01 PM org.logger.LoggerUtil log
INFO: Appuyez sur entrée pour attaquer
déc. 08, 2024 7:57:01 PM org.logger.LoggerUtil log
INFO: Guerrier attaque Ennemi 0 et lui inflige 35 points de dégats.
déc. 08, 2024 7:57:01 PM org.logger.LoggerUtil log
INFO: Ennemi 0 est mort et ne peut plus attaquer.
déc. 08, 2024 7:57:01 PM org.logger.LoggerUtil log
INFO: 
L'ennemi Ennemi 0 est mort
déc. 08, 2024 7:57:01 PM org.logger.LoggerUtil log
INFO: 
Vous avez vaincu tous les ennemis de la salle 2
déc. 08, 2024 7:57:01 PM org.logger.LoggerUtil log
INFO: Voulez-vous avancer ou reculer ? (a/r)
déc. 08, 2024 7:57:03 PM org.logger.LoggerUtil log
INFO: Vous entrez dans la salle 3

déc. 08, 2024 7:57:03 PM org.logger.LoggerUtil log
INFO: Il y a 3 ennemis dans la salle 3
déc. 08, 2024 7:57:03 PM org.logger.LoggerUtil log
INFO: 
Fin du tour
déc. 08, 2024 7:57:03 PM org.logger.LoggerUtil log
INFO: Vous êtes dans la salle 3
déc. 08, 2024 7:57:03 PM org.logger.LoggerUtil log
INFO: Il y a 3 ennemis
déc. 08, 2024 7:57:03 PM org.logger.LoggerUtil log
INFO: 
Voulez-vous utiliser votre capacité spéciale ? oui/non
déc. 08, 2024 7:57:04 PM org.logger.LoggerUtil log
INFO: Appuyez sur entrée pour attaquer
déc. 08, 2024 7:57:04 PM org.logger.LoggerUtil log
INFO: Guerrier attaque Ennemi 2 et lui inflige 33 points de dégats.
déc. 08, 2024 7:57:04 PM org.logger.LoggerUtil log
INFO: Ennemi 2 attaque Guerrier et lui inflige 7 points de dégats.
déc. 08, 2024 7:57:04 PM org.logger.LoggerUtil log
INFO: 
Fin du tour
déc. 08, 2024 7:57:04 PM org.logger.LoggerUtil log
INFO: Vous êtes dans la salle 3
déc. 08, 2024 7:57:04 PM org.logger.LoggerUtil log
INFO: Il y a 3 ennemis
déc. 08, 2024 7:57:04 PM org.logger.LoggerUtil log
INFO: 
Voulez-vous utiliser votre capacité spéciale ? oui/non
déc. 08, 2024 7:57:05 PM org.logger.LoggerUtil log
INFO: Appuyez sur entrée pour attaquer
déc. 08, 2024 7:57:05 PM org.logger.LoggerUtil log
INFO: Guerrier attaque Ennemi 2 et lui inflige 33 points de dégats.
déc. 08, 2024 7:57:05 PM org.logger.LoggerUtil log
INFO: Ennemi 2 est mort et ne peut plus attaquer.
déc. 08, 2024 7:57:05 PM org.logger.LoggerUtil log
INFO: 
L'ennemi Ennemi 2 est mort
déc. 08, 2024 7:57:05 PM org.logger.LoggerUtil log
INFO: 
Fin du tour
déc. 08, 2024 7:57:05 PM org.logger.LoggerUtil log
INFO: Vous êtes dans la salle 3
déc. 08, 2024 7:57:05 PM org.logger.LoggerUtil log
INFO: Il y a 2 ennemis
déc. 08, 2024 7:57:05 PM org.logger.LoggerUtil log
INFO: 
Voulez-vous utiliser votre capacité spéciale ? oui/non
déc. 08, 2024 7:57:06 PM org.logger.LoggerUtil log
INFO: Appuyez sur entrée pour attaquer
déc. 08, 2024 7:57:06 PM org.logger.LoggerUtil log
INFO: Guerrier attaque Ennemi 1 et lui inflige 30 points de dégats.
déc. 08, 2024 7:57:06 PM org.logger.LoggerUtil log
INFO: Ennemi 1 attaque Guerrier et lui inflige 12 points de dégats.
déc. 08, 2024 7:57:06 PM org.logger.LoggerUtil log
INFO: 
Fin du tour
déc. 08, 2024 7:57:06 PM org.logger.LoggerUtil log
INFO: Vous êtes dans la salle 3
déc. 08, 2024 7:57:06 PM org.logger.LoggerUtil log
INFO: Il y a 2 ennemis
déc. 08, 2024 7:57:06 PM org.logger.LoggerUtil log
INFO: 
Voulez-vous utiliser votre capacité spéciale ? oui/non
déc. 08, 2024 7:57:06 PM org.logger.LoggerUtil log
INFO: Appuyez sur entrée pour attaquer
déc. 08, 2024 7:57:07 PM org.logger.LoggerUtil log
INFO: Guerrier attaque Ennemi 1 et lui inflige 30 points de dégats.
déc. 08, 2024 7:57:07 PM org.logger.LoggerUtil log
INFO: Ennemi 1 est mort et ne peut plus attaquer.
déc. 08, 2024 7:57:07 PM org.logger.LoggerUtil log
INFO: 
L'ennemi Ennemi 1 est mort
déc. 08, 2024 7:57:07 PM org.logger.LoggerUtil log
INFO: 
Fin du tour
déc. 08, 2024 7:57:07 PM org.logger.LoggerUtil log
INFO: Vous êtes dans la salle 3
déc. 08, 2024 7:57:07 PM org.logger.LoggerUtil log
INFO: Il y a 1 ennemis
déc. 08, 2024 7:57:07 PM org.logger.LoggerUtil log
INFO: 
Voulez-vous utiliser votre capacité spéciale ? oui/non
déc. 08, 2024 7:57:08 PM org.logger.LoggerUtil log
INFO: Appuyez sur entrée pour attaquer
déc. 08, 2024 7:57:09 PM org.logger.LoggerUtil log
INFO: Guerrier attaque Ennemi 0 et lui inflige 37 points de dégats.
déc. 08, 2024 7:57:09 PM org.logger.LoggerUtil log
INFO: Ennemi 0 est mort et ne peut plus attaquer.
déc. 08, 2024 7:57:09 PM org.logger.LoggerUtil log
INFO: 
L'ennemi Ennemi 0 est mort
déc. 08, 2024 7:57:09 PM org.logger.LoggerUtil log
INFO: 
Vous avez vaincu tous les ennemis de la salle 3
déc. 08, 2024 7:57:09 PM org.logger.LoggerUtil log
INFO: Voulez-vous avancer ou reculer ? (a/r)
déc. 08, 2024 7:57:11 PM org.logger.LoggerUtil log
INFO: Vous entrez dans la salle 4

déc. 08, 2024 7:57:11 PM org.logger.LoggerUtil log
INFO: Il y a 2 ennemis dans la salle 4
déc. 08, 2024 7:57:11 PM org.logger.LoggerUtil log
INFO: 
Fin du tour
déc. 08, 2024 7:57:11 PM org.logger.LoggerUtil log
INFO: Vous êtes dans la salle 4
déc. 08, 2024 7:57:11 PM org.logger.LoggerUtil log
INFO: Il y a 2 ennemis
déc. 08, 2024 7:57:11 PM org.logger.LoggerUtil log
INFO: 
Voulez-vous utiliser votre capacité spéciale ? oui/non
déc. 08, 2024 7:57:12 PM org.logger.LoggerUtil log
INFO: Appuyez sur entrée pour attaquer
déc. 08, 2024 7:57:13 PM org.logger.LoggerUtil log
INFO: Guerrier attaque Ennemi 1 et lui inflige 37 points de dégats.
déc. 08, 2024 7:57:13 PM org.logger.LoggerUtil log
INFO: Ennemi 1 est mort et ne peut plus attaquer.
déc. 08, 2024 7:57:13 PM org.logger.LoggerUtil log
INFO: 
L'ennemi Ennemi 1 est mort
déc. 08, 2024 7:57:13 PM org.logger.LoggerUtil log
INFO: 
Fin du tour
déc. 08, 2024 7:57:13 PM org.logger.LoggerUtil log
INFO: Vous êtes dans la salle 4
déc. 08, 2024 7:57:13 PM org.logger.LoggerUtil log
INFO: Il y a 1 ennemis
déc. 08, 2024 7:57:13 PM org.logger.LoggerUtil log
INFO: 
Voulez-vous utiliser votre capacité spéciale ? oui/non
déc. 08, 2024 7:57:14 PM org.logger.LoggerUtil log
INFO: Appuyez sur entrée pour attaquer
déc. 08, 2024 7:57:14 PM org.logger.LoggerUtil log
INFO: Guerrier attaque Ennemi 0 et lui inflige 39 points de dégats.
déc. 08, 2024 7:57:14 PM org.logger.LoggerUtil log
INFO: Ennemi 0 attaque Guerrier et lui inflige 9 points de dégats.
déc. 08, 2024 7:57:14 PM org.logger.LoggerUtil log
INFO: 
Fin du tour
déc. 08, 2024 7:57:14 PM org.logger.LoggerUtil log
INFO: Vous êtes dans la salle 4
déc. 08, 2024 7:57:14 PM org.logger.LoggerUtil log
INFO: Il y a 1 ennemis
déc. 08, 2024 7:57:14 PM org.logger.LoggerUtil log
INFO: 
Voulez-vous utiliser votre capacité spéciale ? oui/non
déc. 08, 2024 7:57:17 PM org.logger.LoggerUtil log
INFO: Appuyez sur entrée pour attaquer
déc. 08, 2024 7:57:17 PM org.logger.LoggerUtil log
INFO: Guerrier attaque Ennemi 0 et lui inflige 39 points de dégats.
déc. 08, 2024 7:57:17 PM org.logger.LoggerUtil log
INFO: Ennemi 0 est mort et ne peut plus attaquer.
déc. 08, 2024 7:57:17 PM org.logger.LoggerUtil log
INFO: 
L'ennemi Ennemi 0 est mort
déc. 08, 2024 7:57:17 PM org.logger.LoggerUtil log
INFO: 
Vous avez vaincu tous les ennemis de la salle 4
déc. 08, 2024 7:57:18 PM org.logger.LoggerUtil log
INFO: Voulez-vous avancer ou reculer ? (a/r)
déc. 08, 2024 7:57:19 PM org.logger.LoggerUtil log
INFO: Vous entrez dans la salle 5

déc. 08, 2024 7:57:19 PM org.logger.LoggerUtil log
INFO: Il y a 1 ennemis dans la salle 5
déc. 08, 2024 7:57:19 PM org.logger.LoggerUtil log
INFO: 
Fin du tour
déc. 08, 2024 7:57:19 PM org.logger.LoggerUtil log
INFO: Vous êtes dans la salle 5
déc. 08, 2024 7:57:19 PM org.logger.LoggerUtil log
INFO: Il y a 1 ennemis
déc. 08, 2024 7:57:19 PM org.logger.LoggerUtil log
INFO: 
Voulez-vous utiliser votre capacité spéciale ? oui/non
déc. 08, 2024 7:57:20 PM org.logger.LoggerUtil log
INFO: Appuyez sur entrée pour attaquer
déc. 08, 2024 7:57:20 PM org.logger.LoggerUtil log
INFO: Ennemi 0 attaque Guerrier et lui inflige 12 points de dégats.
déc. 08, 2024 7:57:20 PM org.logger.LoggerUtil log
INFO: Guerrier attaque Ennemi 0 et lui inflige 41 points de dégats.
déc. 08, 2024 7:57:20 PM org.logger.LoggerUtil log
INFO: 
L'ennemi Ennemi 0 est mort
déc. 08, 2024 7:57:20 PM org.logger.LoggerUtil log
INFO: 
Vous avez vaincu tous les ennemis de la salle 5
déc. 08, 2024 7:57:20 PM org.logger.LoggerUtil log
INFO: Voulez-vous avancer ou reculer ? (a/r)
déc. 08, 2024 7:57:22 PM org.logger.LoggerUtil log
INFO: Vous entrez dans la salle 6

déc. 08, 2024 7:57:22 PM org.logger.LoggerUtil log
INFO: Il y a 2 ennemis dans la salle 6
déc. 08, 2024 7:57:22 PM org.logger.LoggerUtil log
INFO: 
Fin du tour
déc. 08, 2024 7:57:22 PM org.logger.LoggerUtil log
INFO: Vous avez gagné !
